nohup: ignoring input
[dotenv@17.2.3] injecting env (0) from .env -- tip: ⚙️  suppress all logs with { quiet: true }
Edge Service running on port 4000
Syncing paths from Core Service...
Synced 1 patSyncSyncing paths froSyncing paths from Core Service...
Syncing logs toSuccessfully syncSynced 1 paths.
SuccessSyncSyncing paths from Core Service...
Syncing logs to Core Service...
No logs to sync.
Synced 1 patSyncSyncing paths from Core Service...
Syncing logs to CSyncing logs toNo logs to sync.
Synced 1 patSyncSyncing paths froSyncing paths from Core Service...
Syncing logs to Core Service...
No logs to sSyncing paths from CoSyncing paths from Core Service...
Syncing logs to Core Service...
No logs to sSyncSyncing paths from Core Service...
Syncing logs to Core Service...
No logs to sync.
Synced 1 paths.

Synced 1 paths.
